{"/app/spectrum-demo/regression-tests/handlers.js": {"path":"/app/spectrum-demo/regression-tests/handlers.js","statementMap":{"0":{"start":{"line":1,"column":17},"end":{"line":1,"column":31}},"1":{"start":{"line":4,"column":17},"end":{"line":9,"column":1}},"2":{"start":{"line":11,"column":0},"end":{"line":11,"column":36}}},"fnMap":{},"branchMap":{},"s":{"0":1,"1":1,"2":1},"f":{},"b":{},"_coverageSchema":"1a1c01bbd47fc00a2c39e90264f33305004495a9","hash":"577a796034a0516cc9f2960566ef859910de3166"}
,"/app/spectrum-demo/regression-tests/server.js": {"path":"/app/spectrum-demo/regression-tests/server.js","statementMap":{"0":{"start":{"line":1,"column":24},"end":{"line":1,"column":43}},"1":{"start":{"line":2,"column":21},"end":{"line":2,"column":42}},"2":{"start":{"line":4,"column":15},"end":{"line":4,"column":39}},"3":{"start":{"line":6,"column":0},"end":{"line":6,"column":28}}},"fnMap":{},"branchMap":{},"s":{"0":1,"1":1,"2":1,"3":1},"f":{},"b":{},"_coverageSchema":"1a1c01bbd47fc00a2c39e90264f33305004495a9","hash":"c78a1e05174f1f9b1ee7f17c5da4a5df1952731d"}
}
