{"/app/spectrum-demo/regression-tests/handlers.js": {"path":"/app/spectrum-demo/regression-tests/handlers.js","statementMap":{"0":{"start":{"line":1,"column":17},"end":{"line":1,"column":31}},"1":{"start":{"line":3,"column":17},"end":{"line":5,"column":1}},"2":{"start":{"line":7,"column":0},"end":{"line":7,"column":30}}},"fnMap":{},"branchMap":{},"s":{"0":1,"1":1,"2":1},"f":{},"b":{},"_coverageSchema":"332fd63041d2c1bcb487cc26dd0d5f7d97098a6c","hash":"cd697f6dba02a404a03c2c3d8750879c4fb072c4"}
,"/app/spectrum-demo/regression-tests/server.js": {"path":"/app/spectrum-demo/regression-tests/server.js","statementMap":{"0":{"start":{"line":1,"column":24},"end":{"line":1,"column":43}},"1":{"start":{"line":2,"column":21},"end":{"line":2,"column":42}},"2":{"start":{"line":4,"column":15},"end":{"line":4,"column":39}},"3":{"start":{"line":6,"column":0},"end":{"line":6,"column":28}}},"fnMap":{},"branchMap":{},"s":{"0":1,"1":1,"2":1,"3":1},"f":{},"b":{},"_coverageSchema":"332fd63041d2c1bcb487cc26dd0d5f7d97098a6c","hash":"0387e157d6b9cd299045b6a59776fbbd813e9a5b"}
,"/app/spectrum-demo/regression-tests/setupTests.js": {"path":"/app/spectrum-demo/regression-tests/setupTests.js","statementMap":{"0":{"start":{"line":1,"column":0},"end":{"line":5,"column":3}},"1":{"start":{"line":7,"column":18},"end":{"line":7,"column":34}},"2":{"start":{"line":9,"column":12},"end":{"line":12,"column":2}},"3":{"start":{"line":14,"column":19},"end":{"line":14,"column":22}},"4":{"start":{"line":17,"column":16},"end":{"line":22,"column":11}},"5":{"start":{"line":18,"column":20},"end":{"line":18,"column":55}},"6":{"start":{"line":19,"column":31},"end":{"line":22,"column":5}},"7":{"start":{"line":23,"column":2},"end":{"line":23,"column":41}},"8":{"start":{"line":26,"column":0},"end":{"line":26,"column":23}},"9":{"start":{"line":27,"column":0},"end":{"line":27,"column":34}},"10":{"start":{"line":28,"column":0},"end":{"line":30,"column":2}},"11":{"start":{"line":31,"column":0},"end":{"line":31,"column":67}},"12":{"start":{"line":31,"column":43},"end":{"line":31,"column":66}},"13":{"start":{"line":32,"column":0},"end":{"line":32,"column":53}},"14":{"start":{"line":32,"column":36},"end":{"line":32,"column":52}},"15":{"start":{"line":33,"column":0},"end":{"line":33,"column":26}},"16":{"start":{"line":35,"column":19},"end":{"line":35,"column":38}},"17":{"start":{"line":37,"column":0},"end":{"line":37,"column":33}},"18":{"start":{"line":37,"column":16},"end":{"line":37,"column":31}},"19":{"start":{"line":38,"column":0},"end":{"line":38,"column":40}},"20":{"start":{"line":38,"column":16},"end":{"line":38,"column":38}},"21":{"start":{"line":39,"column":0},"end":{"line":39,"column":31}},"22":{"start":{"line":39,"column":15},"end":{"line":39,"column":29}},"23":{"start":{"line":41,"column":0},"end":{"line":41,"column":51}}},"fnMap":{"0":{"name":"copyProps","decl":{"start":{"line":16,"column":9},"end":{"line":16,"column":18}},"loc":{"start":{"line":16,"column":32},"end":{"line":24,"column":1}},"line":16},"1":{"name":"(anonymous_1)","decl":{"start":{"line":18,"column":12},"end":{"line":18,"column":13}},"loc":{"start":{"line":18,"column":20},"end":{"line":18,"column":55}},"line":18},"2":{"name":"(anonymous_2)","decl":{"start":{"line":19,"column":12},"end":{"line":19,"column":13}},"loc":{"start":{"line":19,"column":31},"end":{"line":22,"column":5}},"line":19},"3":{"name":"(anonymous_3)","decl":{"start":{"line":31,"column":31},"end":{"line":31,"column":32}},"loc":{"start":{"line":31,"column":43},"end":{"line":31,"column":66}},"line":31},"4":{"name":"(anonymous_4)","decl":{"start":{"line":32,"column":30},"end":{"line":32,"column":31}},"loc":{"start":{"line":32,"column":36},"end":{"line":32,"column":52}},"line":32},"5":{"name":"(anonymous_5)","decl":{"start":{"line":37,"column":10},"end":{"line":37,"column":11}},"loc":{"start":{"line":37,"column":16},"end":{"line":37,"column":31}},"line":37},"6":{"name":"(anonymous_6)","decl":{"start":{"line":38,"column":10},"end":{"line":38,"column":11}},"loc":{"start":{"line":38,"column":16},"end":{"line":38,"column":38}},"line":38},"7":{"name":"(anonymous_7)","decl":{"start":{"line":39,"column":9},"end":{"line":39,"column":10}},"loc":{"start":{"line":39,"column":15},"end":{"line":39,"column":29}},"line":39}},"branchMap":{},"s":{"0":1,"1":1,"2":1,"3":1,"4":1,"5":336,"6":0,"7":1,"8":1,"9":1,"10":1,"11":1,"12":0,"13":1,"14":0,"15":1,"16":1,"17":1,"18":1,"19":1,"20":3,"21":1,"22":1,"23":1},"f":{"0":1,"1":336,"2":0,"3":0,"4":0,"5":1,"6":3,"7":1},"b":{},"_coverageSchema":"332fd63041d2c1bcb487cc26dd0d5f7d97098a6c","hash":"aa351aa2df92c190d8850f0215edf7bce15dd080"}
,"/app/spectrum-demo/regression-tests/components/__fixtures__/channel.js": {"path":"/app/spectrum-demo/regression-tests/components/__fixtures__/channel.js","statementMap":{"0":{"start":{"line":2,"column":20},"end":{"line":13,"column":1}},"1":{"start":{"line":15,"column":21},"end":{"line":22,"column":2}},"2":{"start":{"line":15,"column":50},"end":{"line":22,"column":1}},"3":{"start":{"line":24,"column":0},"end":{"line":24,"column":47}}},"fnMap":{"0":{"name":"(anonymous_0)","decl":{"start":{"line":15,"column":21},"end":{"line":15,"column":22}},"loc":{"start":{"line":15,"column":50},"end":{"line":22,"column":1}},"line":15}},"branchMap":{"0":{"loc":{"start":{"line":15,"column":22},"end":{"line":15,"column":44}},"type":"default-arg","locations":[{"start":{"line":15,"column":42},"end":{"line":15,"column":44}}],"line":15},"1":{"loc":{"start":{"line":20,"column":8},"end":{"line":20,"column":33}},"type":"binary-expr","locations":[{"start":{"line":20,"column":8},"end":{"line":20,"column":27}},{"start":{"line":20,"column":31},"end":{"line":20,"column":33}}],"line":20}},"s":{"0":1,"1":1,"2":3,"3":1},"f":{"0":3},"b":{"0":[0],"1":[3,3]},"_coverageSchema":"332fd63041d2c1bcb487cc26dd0d5f7d97098a6c","hash":"f0f1888978939c06fa9785c4c37c86a8ffa60a5e"}
}
