TN:
SF:/app/spectrum-demo/regression-tests/handlers.js
FNF:0
FNH:0
DA:1,1
DA:3,1
DA:7,1
LF:3
LH:3
BRF:0
BRH:0
end_of_record
TN:
SF:/app/spectrum-demo/regression-tests/server.js
FNF:0
FNH:0
DA:1,1
DA:2,1
DA:4,1
DA:6,1
LF:4
LH:4
BRF:0
BRH:0
end_of_record
TN:
SF:/app/spectrum-demo/regression-tests/setupTests.js
FN:16,copyProps
FN:18,(anonymous_1)
FN:19,(anonymous_2)
FN:31,(anonymous_3)
FN:32,(anonymous_4)
FN:37,(anonymous_5)
FN:38,(anonymous_6)
FN:39,(anonymous_7)
FNF:8
FNH:5
FNDA:1,copyProps
FNDA:336,(anonymous_1)
FNDA:0,(anonymous_2)
FNDA:0,(anonymous_3)
FNDA:0,(anonymous_4)
FNDA:1,(anonymous_5)
FNDA:3,(anonymous_6)
FNDA:1,(anonymous_7)
DA:1,1
DA:7,1
DA:9,1
DA:14,1
DA:17,1
DA:18,336
DA:19,0
DA:23,1
DA:26,1
DA:27,1
DA:28,1
DA:31,1
DA:32,1
DA:33,1
DA:35,1
DA:37,1
DA:38,3
DA:39,1
DA:41,1
LF:19
LH:18
BRF:0
BRH:0
end_of_record
TN:
SF:/app/spectrum-demo/regression-tests/components/__fixtures__/channel.js
FN:15,(anonymous_0)
FNF:1
FNH:1
FNDA:3,(anonymous_0)
DA:2,1
DA:15,3
DA:24,1
LF:3
LH:3
BRDA:15,0,0,0
BRDA:20,1,0,3
BRDA:20,1,1,3
BRF:3
BRH:2
end_of_record
